INFO:root: Logging started 
INFO:root: Moved /Users/michaelschott/Downloads/text.pdf to /Users/michaelschott/Downloads_filtered/text.pdf
INFO:root: Running, timestamp: [Fri Apr 24 23:41:24 2020]
INFO:root: Running, timestamp: [Fri Apr 24 23:41:34 2020]
INFO:root: Running, timestamp: [Fri Apr 24 23:41:44 2020]
INFO:root: Running, timestamp: [Fri Apr 24 23:41:54 2020]
INFO:root: Running, timestamp: [Fri Apr 24 23:42:04 2020]
INFO:root: Running, timestamp: [Fri Apr 24 23:42:14 2020]
INFO:root: Running, timestamp: [Fri Apr 24 23:42:24 2020]
INFO:root: Logging started 
INFO:root:Pattern: pdf and Filename: text.pdf
INFO:root:Pattern: (.*?) and Filename: text.pdf
INFO:root: Moved /Users/michaelschott/Downloads/text.pdf to /Users/michaelschott/Downloads_filtered/text.pdf
INFO:root: Running, timestamp: [Fri Apr 24 23:42:44 2020]
INFO:root: Running, timestamp: [Fri Apr 24 23:42:54 2020]
INFO:root: Running, timestamp: [Fri Apr 24 23:43:04 2020]
INFO:root: Running, timestamp: [Fri Apr 24 23:43:14 2020]
INFO:root:Pattern: pdf and Filename: fpdf.txt
INFO:root:Pattern: (.*?) and Filename: fpdf.txt
INFO:root: Moved /Users/michaelschott/Downloads/fpdf.txt to /Users/michaelschott/Downloads_filtered/fpdf.txt
INFO:root: Running, timestamp: [Fri Apr 24 23:43:24 2020]
INFO:root: Running, timestamp: [Fri Apr 24 23:43:34 2020]
INFO:root: Running, timestamp: [Fri Apr 24 23:43:44 2020]
INFO:root: Running, timestamp: [Fri Apr 24 23:43:54 2020]
INFO:root: Running, timestamp: [Fri Apr 24 23:44:04 2020]
INFO:root: Running, timestamp: [Fri Apr 24 23:44:14 2020]
INFO:root: Running, timestamp: [Fri Apr 24 23:44:24 2020]
INFO:root: Running, timestamp: [Fri Apr 24 23:44:34 2020]
INFO:root: Running, timestamp: [Fri Apr 24 23:44:44 2020]
INFO:root: Running, timestamp: [Fri Apr 24 23:44:54 2020]
INFO:root: Running, timestamp: [Fri Apr 24 23:45:04 2020]
INFO:root: Running, timestamp: [Fri Apr 24 23:45:14 2020]
INFO:root: Running, timestamp: [Fri Apr 24 23:45:24 2020]
INFO:root: Running, timestamp: [Fri Apr 24 23:45:34 2020]
INFO:root: Running, timestamp: [Fri Apr 24 23:45:44 2020]
INFO:root: Running, timestamp: [Fri Apr 24 23:45:54 2020]
INFO:root: Running, timestamp: [Fri Apr 24 23:46:04 2020]
INFO:root: Running, timestamp: [Fri Apr 24 23:46:14 2020]
INFO:root:Pattern: pdf and Filename: fpdf.txt
INFO:root:Pattern: (.*?) and Filename: fpdf.txt
INFO:root: Moved /Users/michaelschott/Downloads/fpdf.txt to /Users/michaelschott/Downloads_filtered/fpdf.txt
INFO:root: Running, timestamp: [Fri Apr 24 23:46:24 2020]
INFO:root: Running, timestamp: [Fri Apr 24 23:46:34 2020]
INFO:root: Running, timestamp: [Fri Apr 24 23:46:44 2020]
INFO:root: Running, timestamp: [Fri Apr 24 23:46:54 2020]
INFO:root: Running, timestamp: [Fri Apr 24 23:47:04 2020]
INFO:root: Running, timestamp: [Fri Apr 24 23:47:14 2020]
INFO:root: Running, timestamp: [Fri Apr 24 23:47:24 2020]
INFO:root: Running, timestamp: [Fri Apr 24 23:47:34 2020]
INFO:root: Running, timestamp: [Fri Apr 24 23:47:44 2020]
INFO:root: Running, timestamp: [Fri Apr 24 23:47:54 2020]
INFO:root: Running, timestamp: [Fri Apr 24 23:48:04 2020]
INFO:root: Running, timestamp: [Fri Apr 24 23:48:14 2020]
INFO:root: Logging started 
INFO:root: Regex used: \\pdf\\ with Filename: fpdf.txt
INFO:root: Regex used: (.*?) with Filename: fpdf.txt
INFO:root: Moved /Users/michaelschott/Downloads/fpdf.txt to /Users/michaelschott/Downloads_filtered/fpdf.txt
INFO:root: Running, timestamp: [Fri Apr 24 23:48:37 2020]
INFO:root: Running, timestamp: [Fri Apr 24 23:48:47 2020]
INFO:root: Running, timestamp: [Fri Apr 24 23:48:57 2020]
INFO:root: Running, timestamp: [Fri Apr 24 23:49:07 2020]
INFO:root: Running, timestamp: [Fri Apr 24 23:49:17 2020]
INFO:root: Running, timestamp: [Fri Apr 24 23:49:27 2020]
INFO:root: Running, timestamp: [Fri Apr 24 23:49:37 2020]
INFO:root: Logging started 
INFO:root: Regex matched: (.*?) with Filename: text.pdf
INFO:root: Moved /Users/michaelschott/Downloads/text.pdf to /Users/michaelschott/Downloads_filtered/text.pdf
INFO:root: Regex matched: (.*?) with Filename: fpdf.txt
INFO:root: Moved /Users/michaelschott/Downloads/fpdf.txt to /Users/michaelschott/Downloads_filtered/fpdf.txt
INFO:root: Running, timestamp: [Fri Apr 24 23:49:52 2020]
INFO:root: Running, timestamp: [Fri Apr 24 23:50:02 2020]
INFO:root: Running, timestamp: [Fri Apr 24 23:50:12 2020]
INFO:root: Regex matched: (.*?) with Filename: pdf.txt
INFO:root: Moved /Users/michaelschott/Downloads/pdf.txt to /Users/michaelschott/Downloads_filtered/pdf.txt
INFO:root: Running, timestamp: [Fri Apr 24 23:50:22 2020]
INFO:root: Running, timestamp: [Fri Apr 24 23:50:32 2020]
INFO:root: Running, timestamp: [Fri Apr 24 23:50:42 2020]
INFO:root: Running, timestamp: [Fri Apr 24 23:50:52 2020]
INFO:root: Running, timestamp: [Fri Apr 24 23:51:02 2020]
INFO:root: Running, timestamp: [Fri Apr 24 23:51:12 2020]
INFO:root: Running, timestamp: [Fri Apr 24 23:51:22 2020]
INFO:root: Running, timestamp: [Fri Apr 24 23:51:32 2020]
INFO:root: Running, timestamp: [Fri Apr 24 23:51:42 2020]
INFO:root: Running, timestamp: [Fri Apr 24 23:51:52 2020]
INFO:root: Logging started 
INFO:root: Regex matched: (.*?) with Filename: text.pdf
INFO:root: Moved /Users/michaelschott/Downloads/text.pdf to /Users/michaelschott/Downloads_filtered/Unmatched/text.pdf
INFO:root: Running, timestamp: [Fri Apr 24 23:52:13 2020]
INFO:root: Regex matched: (.*?) with Filename: move.txt
INFO:root: Moved /Users/michaelschott/Downloads/move.txt to /Users/michaelschott/Downloads_filtered/Unmatched/move.txt
INFO:root: Regex matched: (.*?) with Filename: pdf.txt
INFO:root: Moved /Users/michaelschott/Downloads/pdf.txt to /Users/michaelschott/Downloads_filtered/Unmatched/pdf.txt
INFO:root: Regex matched: (.*?) with Filename: Neuer Ordner
INFO:root: Moved /Users/michaelschott/Downloads/Neuer Ordner to /Users/michaelschott/Downloads_filtered/Unmatched/Neuer Ordner
INFO:root: Running, timestamp: [Fri Apr 24 23:52:23 2020]
INFO:root: Running, timestamp: [Fri Apr 24 23:52:33 2020]
INFO:root: Running, timestamp: [Fri Apr 24 23:52:43 2020]
INFO:root: Logging started 
INFO:root: Regex matched: (.*?) with Filename: move.txt
INFO:root: Moved /Users/michaelschott/Downloads/move.txt to /Users/michaelschott/Downloads_filtered/Unmatched/move.txt
INFO:root: Regex matched: (.*?) with Filename: pdf.txt
INFO:root: Moved /Users/michaelschott/Downloads/pdf.txt to /Users/michaelschott/Downloads_filtered/Unmatched/pdf.txt
INFO:root: Regex matched: (.*?) with Filename: Neuer Ordner
INFO:root: Moved /Users/michaelschott/Downloads/Neuer Ordner to /Users/michaelschott/Downloads_filtered/Unmatched/Neuer Ordner
INFO:root: Regex matched: (.*?) with Filename: text.pdf
INFO:root: Moved /Users/michaelschott/Downloads/text.pdf to /Users/michaelschott/Downloads_filtered/Unmatched/text.pdf
INFO:root: Regex matched: (.*?) with Filename: move.txt
INFO:root: Moved /Users/michaelschott/Downloads/move.txt to /Users/michaelschott/Downloads_filtered/Unmatched/move.txt
INFO:root: Regex matched: (.*?) with Filename: pdf.txt
INFO:root: Moved /Users/michaelschott/Downloads/pdf.txt to /Users/michaelschott/Downloads_filtered/Unmatched/pdf.txt
INFO:root: Regex matched: (.*?) with Filename: Neuer Ordner
INFO:root: Moved /Users/michaelschott/Downloads/Neuer Ordner to /Users/michaelschott/Downloads_filtered/Unmatched/Neuer Ordner
INFO:root: Regex matched: (.*?) with Filename: text.pdf
INFO:root: Moved /Users/michaelschott/Downloads/text.pdf to /Users/michaelschott/Downloads_filtered/Unmatched/text.pdf
INFO:root: Running, timestamp: [Fri Apr 24 23:53:00 2020]
INFO:root: Running, timestamp: [Fri Apr 24 23:53:10 2020]
INFO:root: Logging started 
INFO:root: Regex matched: (.*?) with Filename: move.txt
INFO:root: Moved /Users/michaelschott/Downloads/move.txt to /Users/michaelschott/Downloads_filtered/Unmatched/move.txt
INFO:root: Regex matched: (.*?) with Filename: pdf.txt
INFO:root: Moved /Users/michaelschott/Downloads/pdf.txt to /Users/michaelschott/Downloads_filtered/Unmatched/pdf.txt
INFO:root: Regex matched: (.*?) with Filename: Neuer Ordner
INFO:root: Moved /Users/michaelschott/Downloads/Neuer Ordner to /Users/michaelschott/Downloads_filtered/Unmatched/Neuer Ordner
INFO:root: Regex matched: (.*?) with Filename: text.pdf
INFO:root: Moved /Users/michaelschott/Downloads/text.pdf to /Users/michaelschott/Downloads_filtered/Unmatched/text.pdf
INFO:root: Running, timestamp: [Fri Apr 24 23:53:32 2020]
INFO:root: Running, timestamp: [Fri Apr 24 23:53:42 2020]
INFO:root: Running, timestamp: [Fri Apr 24 23:53:52 2020]
INFO:root: Running, timestamp: [Fri Apr 24 23:54:02 2020]
INFO:root: Running, timestamp: [Fri Apr 24 23:54:12 2020]
INFO:root: Running, timestamp: [Fri Apr 24 23:54:22 2020]
INFO:root: Logging started 
INFO:root: Regex matched: (.*?) with Filename: move.txt
INFO:root: Moved /Users/michaelschott/Downloads/move.txt to /Users/michaelschott/Downloads_filtered/Unmatched/move.txt
INFO:root: Regex matched: pdf with Filename: pdf.txt
INFO:root: Moved /Users/michaelschott/Downloads/pdf.txt to /Users/michaelschott/Downloads_filtered/PDFs/pdf.txt
INFO:root: Regex matched: (.*?) with Filename: pdf.txt
WARNING:root:[Errno 2] No such file or directory: '/Users/michaelschott/Downloads/pdf.txt' -> '/Users/michaelschott/Downloads_filtered/Unmatched/pdf.txt'
WARNING:root: Please look at your destination path and whether the path exists. 
INFO:root: Regex matched: (.*?) with Filename: Neuer Ordner
INFO:root: Moved /Users/michaelschott/Downloads/Neuer Ordner to /Users/michaelschott/Downloads_filtered/Unmatched/Neuer Ordner
INFO:root: Regex matched: pdf with Filename: text.pdf
INFO:root: Moved /Users/michaelschott/Downloads/text.pdf to /Users/michaelschott/Downloads_filtered/PDFs/text.pdf
INFO:root: Regex matched: (.*?) with Filename: text.pdf
WARNING:root:[Errno 2] No such file or directory: '/Users/michaelschott/Downloads/text.pdf' -> '/Users/michaelschott/Downloads_filtered/Unmatched/text.pdf'
WARNING:root: Please look at your destination path and whether the path exists. 
INFO:root: Running, timestamp: [Fri Apr 24 23:54:41 2020]
INFO:root: Running, timestamp: [Fri Apr 24 23:54:51 2020]
INFO:root: Running, timestamp: [Fri Apr 24 23:55:01 2020]
INFO:root: Running, timestamp: [Fri Apr 24 23:55:11 2020]
INFO:root: Running, timestamp: [Fri Apr 24 23:55:21 2020]
INFO:root: Running, timestamp: [Fri Apr 24 23:55:31 2020]
INFO:root: Running, timestamp: [Fri Apr 24 23:55:41 2020]
INFO:root: Running, timestamp: [Fri Apr 24 23:55:51 2020]
INFO:root: Running, timestamp: [Fri Apr 24 23:56:01 2020]
INFO:root: Running, timestamp: [Fri Apr 24 23:56:11 2020]
INFO:root: Running, timestamp: [Fri Apr 24 23:56:21 2020]
INFO:root: Running, timestamp: [Fri Apr 24 23:56:31 2020]
INFO:root: Running, timestamp: [Fri Apr 24 23:56:41 2020]
INFO:root: Running, timestamp: [Fri Apr 24 23:56:51 2020]
INFO:root: Running, timestamp: [Fri Apr 24 23:57:01 2020]
INFO:root: Running, timestamp: [Fri Apr 24 23:57:11 2020]
INFO:root: Running, timestamp: [Fri Apr 24 23:57:21 2020]
INFO:root: Running, timestamp: [Fri Apr 24 23:57:31 2020]
INFO:root: Running, timestamp: [Fri Apr 24 23:57:41 2020]
INFO:root: Running, timestamp: [Fri Apr 24 23:57:51 2020]
INFO:root: Running, timestamp: [Fri Apr 24 23:58:01 2020]
INFO:root: Running, timestamp: [Fri Apr 24 23:58:11 2020]
INFO:root: Running, timestamp: [Fri Apr 24 23:58:21 2020]
INFO:root: Running, timestamp: [Fri Apr 24 23:58:31 2020]
INFO:root: Running, timestamp: [Fri Apr 24 23:58:41 2020]
INFO:root: Running, timestamp: [Fri Apr 24 23:58:51 2020]
INFO:root: Running, timestamp: [Fri Apr 24 23:59:01 2020]
INFO:root: Running, timestamp: [Fri Apr 24 23:59:11 2020]
INFO:root: Running, timestamp: [Fri Apr 24 23:59:21 2020]
INFO:root: Running, timestamp: [Fri Apr 24 23:59:31 2020]
INFO:root: Running, timestamp: [Fri Apr 24 23:59:41 2020]
INFO:root: Running, timestamp: [Fri Apr 24 23:59:51 2020]
INFO:root: Running, timestamp: [Sat Apr 25 00:00:01 2020]
INFO:root: Running, timestamp: [Sat Apr 25 00:00:11 2020]
INFO:root: Running, timestamp: [Sat Apr 25 00:00:21 2020]
INFO:root: Running, timestamp: [Sat Apr 25 00:00:31 2020]
INFO:root: Running, timestamp: [Sat Apr 25 00:00:41 2020]
INFO:root: Running, timestamp: [Sat Apr 25 00:00:51 2020]
INFO:root: Running, timestamp: [Sat Apr 25 00:01:01 2020]
INFO:root: Running, timestamp: [Sat Apr 25 00:01:11 2020]
INFO:root: Running, timestamp: [Sat Apr 25 00:01:21 2020]
INFO:root: Running, timestamp: [Sat Apr 25 00:01:31 2020]
INFO:root: Running, timestamp: [Sat Apr 25 00:01:41 2020]
INFO:root: Running, timestamp: [Sat Apr 25 00:01:51 2020]
INFO:root: Running, timestamp: [Sat Apr 25 00:02:01 2020]
INFO:root: Running, timestamp: [Sat Apr 25 00:02:11 2020]
INFO:root: Running, timestamp: [Sat Apr 25 00:02:21 2020]
INFO:root: Running, timestamp: [Sat Apr 25 00:02:31 2020]
INFO:root: Running, timestamp: [Sat Apr 25 00:09:59 2020]
INFO:root: Running, timestamp: [Sat Apr 25 00:10:09 2020]
INFO:root: Running, timestamp: [Sat Apr 25 00:10:19 2020]
INFO:root: Running, timestamp: [Sat Apr 25 00:10:29 2020]
INFO:root: Running, timestamp: [Sat Apr 25 00:10:39 2020]
INFO:root: Running, timestamp: [Sat Apr 25 00:10:49 2020]
INFO:root: Running, timestamp: [Sat Apr 25 00:46:47 2020]
INFO:root: Running, timestamp: [Sat Apr 25 00:46:57 2020]
INFO:root: Running, timestamp: [Sat Apr 25 00:47:07 2020]
INFO:root: Running, timestamp: [Sat Apr 25 00:47:17 2020]
INFO:root: Running, timestamp: [Sat Apr 25 00:47:27 2020]
INFO:root: Running, timestamp: [Sat Apr 25 01:25:49 2020]
INFO:root: Running, timestamp: [Sat Apr 25 01:25:59 2020]
INFO:root: Running, timestamp: [Sat Apr 25 01:26:09 2020]
INFO:root: Running, timestamp: [Sat Apr 25 01:26:19 2020]
INFO:root: Running, timestamp: [Sat Apr 25 01:26:29 2020]
INFO:root: Running, timestamp: [Sat Apr 25 01:54:36 2020]
INFO:root: Running, timestamp: [Sat Apr 25 01:54:46 2020]
INFO:root: Running, timestamp: [Sat Apr 25 01:54:56 2020]
INFO:root: Running, timestamp: [Sat Apr 25 01:55:06 2020]
INFO:root: Running, timestamp: [Sat Apr 25 01:55:16 2020]
INFO:root: Running, timestamp: [Sat Apr 25 01:55:26 2020]
INFO:root: Running, timestamp: [Sat Apr 25 01:56:01 2020]
INFO:root: Running, timestamp: [Sat Apr 25 01:56:11 2020]
INFO:root: Running, timestamp: [Sat Apr 25 01:56:21 2020]
INFO:root: Running, timestamp: [Sat Apr 25 01:56:31 2020]
INFO:root: Running, timestamp: [Sat Apr 25 01:56:41 2020]
INFO:root: Running, timestamp: [Sat Apr 25 01:56:51 2020]
INFO:root: Running, timestamp: [Sat Apr 25 02:06:54 2020]
INFO:root: Running, timestamp: [Sat Apr 25 02:07:04 2020]
INFO:root: Running, timestamp: [Sat Apr 25 02:07:14 2020]
INFO:root: Running, timestamp: [Sat Apr 25 02:07:24 2020]
INFO:root: Running, timestamp: [Sat Apr 25 02:07:34 2020]
INFO:root: Running, timestamp: [Sat Apr 25 03:15:21 2020]
INFO:root: Running, timestamp: [Sat Apr 25 03:15:31 2020]
INFO:root: Running, timestamp: [Sat Apr 25 03:15:41 2020]
INFO:root: Running, timestamp: [Sat Apr 25 03:15:51 2020]
INFO:root: Running, timestamp: [Sat Apr 25 03:16:01 2020]
INFO:root: Running, timestamp: [Sat Apr 25 03:16:11 2020]
INFO:root: Running, timestamp: [Sat Apr 25 03:16:21 2020]
INFO:root: Running, timestamp: [Sat Apr 25 03:24:34 2020]
INFO:root: Running, timestamp: [Sat Apr 25 03:24:44 2020]
INFO:root: Running, timestamp: [Sat Apr 25 03:24:54 2020]
INFO:root: Running, timestamp: [Sat Apr 25 03:25:04 2020]
INFO:root: Running, timestamp: [Sat Apr 25 03:25:14 2020]
INFO:root: Running, timestamp: [Sat Apr 25 03:25:24 2020]
INFO:root: Running, timestamp: [Sat Apr 25 03:59:42 2020]
INFO:root: Running, timestamp: [Sat Apr 25 03:59:52 2020]
INFO:root: Running, timestamp: [Sat Apr 25 04:00:02 2020]
INFO:root: Running, timestamp: [Sat Apr 25 04:00:12 2020]
INFO:root: Running, timestamp: [Sat Apr 25 04:00:22 2020]
INFO:root: Running, timestamp: [Sat Apr 25 06:00:30 2020]
INFO:root: Running, timestamp: [Sat Apr 25 06:00:40 2020]
INFO:root: Running, timestamp: [Sat Apr 25 06:00:50 2020]
INFO:root: Running, timestamp: [Sat Apr 25 06:01:00 2020]
INFO:root: Running, timestamp: [Sat Apr 25 06:01:10 2020]
INFO:root: Running, timestamp: [Sat Apr 25 07:32:38 2020]
INFO:root: Running, timestamp: [Sat Apr 25 07:32:48 2020]
INFO:root: Running, timestamp: [Sat Apr 25 07:32:58 2020]
INFO:root: Running, timestamp: [Sat Apr 25 07:33:08 2020]
INFO:root: Running, timestamp: [Sat Apr 25 07:33:18 2020]
INFO:root: Running, timestamp: [Sat Apr 25 07:33:28 2020]
INFO:root: Running, timestamp: [Sat Apr 25 07:33:38 2020]
INFO:root: Running, timestamp: [Sat Apr 25 07:33:48 2020]
INFO:root: Running, timestamp: [Sat Apr 25 07:33:58 2020]
INFO:root: Running, timestamp: [Sat Apr 25 07:34:08 2020]
INFO:root: Running, timestamp: [Sat Apr 25 07:34:18 2020]
INFO:root: Running, timestamp: [Sat Apr 25 07:34:28 2020]
INFO:root: Running, timestamp: [Sat Apr 25 07:34:38 2020]
INFO:root: Running, timestamp: [Sat Apr 25 07:34:48 2020]
INFO:root: Running, timestamp: [Sat Apr 25 07:34:58 2020]
INFO:root: Running, timestamp: [Sat Apr 25 07:35:08 2020]
INFO:root: Running, timestamp: [Sat Apr 25 07:35:18 2020]
INFO:root: Running, timestamp: [Sat Apr 25 07:35:28 2020]
INFO:root: Running, timestamp: [Sat Apr 25 07:35:38 2020]
INFO:root: Running, timestamp: [Sat Apr 25 07:35:48 2020]
INFO:root: Running, timestamp: [Sat Apr 25 07:35:58 2020]
INFO:root: Running, timestamp: [Sat Apr 25 07:36:08 2020]
INFO:root: Running, timestamp: [Sat Apr 25 07:36:18 2020]
INFO:root: Running, timestamp: [Sat Apr 25 07:36:28 2020]
INFO:root: Running, timestamp: [Sat Apr 25 07:36:38 2020]
INFO:root: Running, timestamp: [Sat Apr 25 07:36:48 2020]
INFO:root: Running, timestamp: [Sat Apr 25 07:36:58 2020]
INFO:root: Running, timestamp: [Sat Apr 25 07:37:08 2020]
INFO:root: Running, timestamp: [Sat Apr 25 07:37:18 2020]
INFO:root: Running, timestamp: [Sat Apr 25 07:37:28 2020]
INFO:root: Running, timestamp: [Sat Apr 25 07:37:38 2020]
INFO:root: Running, timestamp: [Sat Apr 25 07:37:48 2020]
INFO:root: Running, timestamp: [Sat Apr 25 07:37:58 2020]
INFO:root: Running, timestamp: [Sat Apr 25 07:38:22 2020]
INFO:root: Running, timestamp: [Sat Apr 25 07:38:32 2020]
INFO:root: Running, timestamp: [Sat Apr 25 07:38:42 2020]
INFO:root: Running, timestamp: [Sat Apr 25 07:38:52 2020]
INFO:root: Running, timestamp: [Sat Apr 25 07:39:02 2020]
INFO:root: Running, timestamp: [Sat Apr 25 07:39:12 2020]
INFO:root: Running, timestamp: [Sat Apr 25 07:39:22 2020]
INFO:root: Running, timestamp: [Sat Apr 25 07:39:32 2020]
INFO:root: Running, timestamp: [Sat Apr 25 07:39:42 2020]
INFO:root: Running, timestamp: [Sat Apr 25 07:39:52 2020]
INFO:root: Running, timestamp: [Sat Apr 25 07:40:02 2020]
INFO:root: Running, timestamp: [Sat Apr 25 07:40:12 2020]
INFO:root: Running, timestamp: [Sat Apr 25 07:40:22 2020]
INFO:root: Running, timestamp: [Sat Apr 25 07:40:32 2020]
INFO:root: Running, timestamp: [Sat Apr 25 07:40:42 2020]
INFO:root: Running, timestamp: [Sat Apr 25 07:40:52 2020]
INFO:root: Running, timestamp: [Sat Apr 25 07:41:02 2020]
INFO:root: Running, timestamp: [Sat Apr 25 07:41:12 2020]
INFO:root: Running, timestamp: [Sat Apr 25 07:41:22 2020]
INFO:root: Running, timestamp: [Sat Apr 25 07:41:32 2020]
INFO:root: Running, timestamp: [Sat Apr 25 07:41:42 2020]
INFO:root: Running, timestamp: [Sat Apr 25 07:41:52 2020]
INFO:root: Running, timestamp: [Sat Apr 25 07:42:02 2020]
INFO:root: Running, timestamp: [Sat Apr 25 07:42:12 2020]
INFO:root: Running, timestamp: [Sat Apr 25 07:42:22 2020]
INFO:root: Running, timestamp: [Sat Apr 25 07:42:32 2020]
INFO:root: Running, timestamp: [Sat Apr 25 07:42:42 2020]
INFO:root: Running, timestamp: [Sat Apr 25 07:42:52 2020]
INFO:root: Running, timestamp: [Sat Apr 25 07:43:02 2020]
INFO:root: Running, timestamp: [Sat Apr 25 07:43:12 2020]
INFO:root: Running, timestamp: [Sat Apr 25 07:43:22 2020]
INFO:root: Running, timestamp: [Sat Apr 25 07:43:32 2020]
INFO:root: Running, timestamp: [Sat Apr 25 07:43:42 2020]
INFO:root: Running, timestamp: [Sat Apr 25 07:43:52 2020]
INFO:root: Running, timestamp: [Sat Apr 25 07:44:02 2020]
INFO:root: Running, timestamp: [Sat Apr 25 07:44:12 2020]
INFO:root: Running, timestamp: [Sat Apr 25 07:44:22 2020]
INFO:root: Running, timestamp: [Sat Apr 25 07:44:32 2020]
INFO:root: Running, timestamp: [Sat Apr 25 07:44:42 2020]
INFO:root: Running, timestamp: [Sat Apr 25 07:44:52 2020]
